<?xml version="1.0" encoding="UTF-8" ?>
<testsuite errors="0" failures="5" hostname="DESKTOP-E7V941A" name="Políticos" tests="7" time="0.863" timestamp="2016-06-25T20:05:37">
  <properties />
  <testcase classname="grails.plugin.cucumber.CucumberTest" name="Adicionar politico nao existente" time="0.146" />
  <testcase classname="grails.plugin.cucumber.CucumberTest" name="Adicionar politico existente" time="0.098" />
  <testcase classname="grails.plugin.cucumber.CucumberTest" name="Atualizar político" time="0.165">
    <failure message="Undefined Step: Given que exista um politico com nome “Eduardo” e CPF &quot;01234567890”" type="grails.plugin.cucumber.FakeAssertionFailedError">cucumber.runtime.UndefinedStepException: Undefined Step: Given que exista um politico com nome “Eduardo” e CPF &quot;01234567890”
	at grails.plugin.cucumber.CucumberFormatter.resultUndefined(CucumberFormatter.groovy:250)
	at grails.plugin.cucumber.CucumberFormatter.result(CucumberFormatter.groovy:215)
	at cucumber.runtime.Utils$1.call(Utils.java:37)
	at cucumber.runtime.Timeout.timeout(Timeout.java:13)
	at cucumber.runtime.Utils.invoke(Utils.java:31)
	at cucumber.runtime.RuntimeOptions$1.invoke(RuntimeOptions.java:243)
	at cucumber.runtime.Runtime.runStep(Runtime.java:280)
	at cucumber.runtime.model.StepContainer.runStep(StepContainer.java:44)
	at cucumber.runtime.model.StepContainer.runSteps(StepContainer.java:39)
	at cucumber.runtime.model.CucumberScenario.run(CucumberScenario.java:48)
	at cucumber.runtime.model.CucumberFeature.run(CucumberFeature.java:163)
	at grails.plugin.cucumber.Cucumber$_run_closure2.doCall(Cucumber.groovy:59)
	at grails.plugin.cucumber.Cucumber.run(Cucumber.groovy:58)
	at grails.plugin.cucumber.CucumberTestType.runFeatures(CucumberTestType.groovy:148)
	at grails.plugin.cucumber.CucumberTestType.doRun(CucumberTestType.groovy:58)
</failure>
    <failure message="Undefined Step: When eu tentar atualizar os dados do político  com nome “Eduardo” e CPF &quot;01234567890”" type="grails.plugin.cucumber.FakeAssertionFailedError">cucumber.runtime.UndefinedStepException: Undefined Step: When eu tentar atualizar os dados do político  com nome “Eduardo” e CPF &quot;01234567890”
	at grails.plugin.cucumber.CucumberFormatter.resultUndefined(CucumberFormatter.groovy:250)
	at grails.plugin.cucumber.CucumberFormatter.result(CucumberFormatter.groovy:215)
	at cucumber.runtime.Utils$1.call(Utils.java:37)
	at cucumber.runtime.Timeout.timeout(Timeout.java:13)
	at cucumber.runtime.Utils.invoke(Utils.java:31)
	at cucumber.runtime.RuntimeOptions$1.invoke(RuntimeOptions.java:243)
	at cucumber.runtime.Runtime.runStep(Runtime.java:280)
	at cucumber.runtime.model.StepContainer.runStep(StepContainer.java:44)
	at cucumber.runtime.model.StepContainer.runSteps(StepContainer.java:39)
	at cucumber.runtime.model.CucumberScenario.run(CucumberScenario.java:48)
	at cucumber.runtime.model.CucumberFeature.run(CucumberFeature.java:163)
	at grails.plugin.cucumber.Cucumber$_run_closure2.doCall(Cucumber.groovy:59)
	at grails.plugin.cucumber.Cucumber.run(Cucumber.groovy:58)
	at grails.plugin.cucumber.CucumberTestType.runFeatures(CucumberTestType.groovy:148)
	at grails.plugin.cucumber.CucumberTestType.doRun(CucumberTestType.groovy:58)
</failure>
    <failure message="Undefined Step: Then o sistema irá atualizar o político" type="grails.plugin.cucumber.FakeAssertionFailedError">cucumber.runtime.UndefinedStepException: Undefined Step: Then o sistema irá atualizar o político
	at grails.plugin.cucumber.CucumberFormatter.resultUndefined(CucumberFormatter.groovy:250)
	at grails.plugin.cucumber.CucumberFormatter.result(CucumberFormatter.groovy:215)
	at cucumber.runtime.Utils$1.call(Utils.java:37)
	at cucumber.runtime.Timeout.timeout(Timeout.java:13)
	at cucumber.runtime.Utils.invoke(Utils.java:31)
	at cucumber.runtime.RuntimeOptions$1.invoke(RuntimeOptions.java:243)
	at cucumber.runtime.Runtime.runStep(Runtime.java:280)
	at cucumber.runtime.model.StepContainer.runStep(StepContainer.java:44)
	at cucumber.runtime.model.StepContainer.runSteps(StepContainer.java:39)
	at cucumber.runtime.model.CucumberScenario.run(CucumberScenario.java:48)
	at cucumber.runtime.model.CucumberFeature.run(CucumberFeature.java:163)
	at grails.plugin.cucumber.Cucumber$_run_closure2.doCall(Cucumber.groovy:59)
	at grails.plugin.cucumber.Cucumber.run(Cucumber.groovy:58)
	at grails.plugin.cucumber.CucumberTestType.runFeatures(CucumberTestType.groovy:148)
	at grails.plugin.cucumber.CucumberTestType.doRun(CucumberTestType.groovy:58)
</failure>
  </testcase>
  <testcase classname="grails.plugin.cucumber.CucumberTest" name="Remover político existente" time="0.098">
    <failure message="Undefined Step: Given o sistema tem um político com nome “Eduardo” e CPF &quot;01234567890”" type="grails.plugin.cucumber.FakeAssertionFailedError">cucumber.runtime.UndefinedStepException: Undefined Step: Given o sistema tem um político com nome “Eduardo” e CPF &quot;01234567890”
	at grails.plugin.cucumber.CucumberFormatter.resultUndefined(CucumberFormatter.groovy:250)
	at grails.plugin.cucumber.CucumberFormatter.result(CucumberFormatter.groovy:215)
	at cucumber.runtime.Utils$1.call(Utils.java:37)
	at cucumber.runtime.Timeout.timeout(Timeout.java:13)
	at cucumber.runtime.Utils.invoke(Utils.java:31)
	at cucumber.runtime.RuntimeOptions$1.invoke(RuntimeOptions.java:243)
	at cucumber.runtime.Runtime.runStep(Runtime.java:280)
	at cucumber.runtime.model.StepContainer.runStep(StepContainer.java:44)
	at cucumber.runtime.model.StepContainer.runSteps(StepContainer.java:39)
	at cucumber.runtime.model.CucumberScenario.run(CucumberScenario.java:48)
	at cucumber.runtime.model.CucumberFeature.run(CucumberFeature.java:163)
	at grails.plugin.cucumber.Cucumber$_run_closure2.doCall(Cucumber.groovy:59)
	at grails.plugin.cucumber.Cucumber.run(Cucumber.groovy:58)
	at grails.plugin.cucumber.CucumberTestType.runFeatures(CucumberTestType.groovy:148)
	at grails.plugin.cucumber.CucumberTestType.doRun(CucumberTestType.groovy:58)
</failure>
    <failure message="Undefined Step: When eu tentar remover o político com o nome “Eduardo” e CPF “01234567890”" type="grails.plugin.cucumber.FakeAssertionFailedError">cucumber.runtime.UndefinedStepException: Undefined Step: When eu tentar remover o político com o nome “Eduardo” e CPF “01234567890”
	at grails.plugin.cucumber.CucumberFormatter.resultUndefined(CucumberFormatter.groovy:250)
	at grails.plugin.cucumber.CucumberFormatter.result(CucumberFormatter.groovy:215)
	at cucumber.runtime.Utils$1.call(Utils.java:37)
	at cucumber.runtime.Timeout.timeout(Timeout.java:13)
	at cucumber.runtime.Utils.invoke(Utils.java:31)
	at cucumber.runtime.RuntimeOptions$1.invoke(RuntimeOptions.java:243)
	at cucumber.runtime.Runtime.runStep(Runtime.java:280)
	at cucumber.runtime.model.StepContainer.runStep(StepContainer.java:44)
	at cucumber.runtime.model.StepContainer.runSteps(StepContainer.java:39)
	at cucumber.runtime.model.CucumberScenario.run(CucumberScenario.java:48)
	at cucumber.runtime.model.CucumberFeature.run(CucumberFeature.java:163)
	at grails.plugin.cucumber.Cucumber$_run_closure2.doCall(Cucumber.groovy:59)
	at grails.plugin.cucumber.Cucumber.run(Cucumber.groovy:58)
	at grails.plugin.cucumber.CucumberTestType.runFeatures(CucumberTestType.groovy:148)
	at grails.plugin.cucumber.CucumberTestType.doRun(CucumberTestType.groovy:58)
</failure>
    <failure message="Undefined Step: Then o sistema ira mostrar a mensagem politico &quot;Eduardo&quot; de CPF “01234567890” removido com sucesso" type="grails.plugin.cucumber.FakeAssertionFailedError">cucumber.runtime.UndefinedStepException: Undefined Step: Then o sistema ira mostrar a mensagem politico &quot;Eduardo&quot; de CPF “01234567890” removido com sucesso
	at grails.plugin.cucumber.CucumberFormatter.resultUndefined(CucumberFormatter.groovy:250)
	at grails.plugin.cucumber.CucumberFormatter.result(CucumberFormatter.groovy:215)
	at cucumber.runtime.Utils$1.call(Utils.java:37)
	at cucumber.runtime.Timeout.timeout(Timeout.java:13)
	at cucumber.runtime.Utils.invoke(Utils.java:31)
	at cucumber.runtime.RuntimeOptions$1.invoke(RuntimeOptions.java:243)
	at cucumber.runtime.Runtime.runStep(Runtime.java:280)
	at cucumber.runtime.model.StepContainer.runStep(StepContainer.java:44)
	at cucumber.runtime.model.StepContainer.runSteps(StepContainer.java:39)
	at cucumber.runtime.model.CucumberScenario.run(CucumberScenario.java:48)
	at cucumber.runtime.model.CucumberFeature.run(CucumberFeature.java:163)
	at grails.plugin.cucumber.Cucumber$_run_closure2.doCall(Cucumber.groovy:59)
	at grails.plugin.cucumber.Cucumber.run(Cucumber.groovy:58)
	at grails.plugin.cucumber.CucumberTestType.runFeatures(CucumberTestType.groovy:148)
	at grails.plugin.cucumber.CucumberTestType.doRun(CucumberTestType.groovy:58)
</failure>
  </testcase>
  <testcase classname="grails.plugin.cucumber.CucumberTest" name="Novo político" time="0.112">
    <failure message="Undefined Step: Given que eu estou no menu “Políticos”" type="grails.plugin.cucumber.FakeAssertionFailedError">cucumber.runtime.UndefinedStepException: Undefined Step: Given que eu estou no menu “Políticos”
	at grails.plugin.cucumber.CucumberFormatter.resultUndefined(CucumberFormatter.groovy:250)
	at grails.plugin.cucumber.CucumberFormatter.result(CucumberFormatter.groovy:215)
	at cucumber.runtime.Utils$1.call(Utils.java:37)
	at cucumber.runtime.Timeout.timeout(Timeout.java:13)
	at cucumber.runtime.Utils.invoke(Utils.java:31)
	at cucumber.runtime.RuntimeOptions$1.invoke(RuntimeOptions.java:243)
	at cucumber.runtime.Runtime.runStep(Runtime.java:280)
	at cucumber.runtime.model.StepContainer.runStep(StepContainer.java:44)
	at cucumber.runtime.model.StepContainer.runSteps(StepContainer.java:39)
	at cucumber.runtime.model.CucumberScenario.run(CucumberScenario.java:48)
	at cucumber.runtime.model.CucumberFeature.run(CucumberFeature.java:163)
	at grails.plugin.cucumber.Cucumber$_run_closure2.doCall(Cucumber.groovy:59)
	at grails.plugin.cucumber.Cucumber.run(Cucumber.groovy:58)
	at grails.plugin.cucumber.CucumberTestType.runFeatures(CucumberTestType.groovy:148)
	at grails.plugin.cucumber.CucumberTestType.doRun(CucumberTestType.groovy:58)
</failure>
    <failure message="Undefined Step: And não existe nenhum político com o nome “Anderson” com o CPF “102.102.152-15”" type="grails.plugin.cucumber.FakeAssertionFailedError">cucumber.runtime.UndefinedStepException: Undefined Step: And não existe nenhum político com o nome “Anderson” com o CPF “102.102.152-15”
	at grails.plugin.cucumber.CucumberFormatter.resultUndefined(CucumberFormatter.groovy:250)
	at grails.plugin.cucumber.CucumberFormatter.result(CucumberFormatter.groovy:215)
	at cucumber.runtime.Utils$1.call(Utils.java:37)
	at cucumber.runtime.Timeout.timeout(Timeout.java:13)
	at cucumber.runtime.Utils.invoke(Utils.java:31)
	at cucumber.runtime.RuntimeOptions$1.invoke(RuntimeOptions.java:243)
	at cucumber.runtime.Runtime.runStep(Runtime.java:280)
	at cucumber.runtime.model.StepContainer.runStep(StepContainer.java:44)
	at cucumber.runtime.model.StepContainer.runSteps(StepContainer.java:39)
	at cucumber.runtime.model.CucumberScenario.run(CucumberScenario.java:48)
	at cucumber.runtime.model.CucumberFeature.run(CucumberFeature.java:163)
	at grails.plugin.cucumber.Cucumber$_run_closure2.doCall(Cucumber.groovy:59)
	at grails.plugin.cucumber.Cucumber.run(Cucumber.groovy:58)
	at grails.plugin.cucumber.CucumberTestType.runFeatures(CucumberTestType.groovy:148)
	at grails.plugin.cucumber.CucumberTestType.doRun(CucumberTestType.groovy:58)
</failure>
    <failure message="Undefined Step: When eu seleciono a opção “Cadastrar”" type="grails.plugin.cucumber.FakeAssertionFailedError">cucumber.runtime.UndefinedStepException: Undefined Step: When eu seleciono a opção “Cadastrar”
	at grails.plugin.cucumber.CucumberFormatter.resultUndefined(CucumberFormatter.groovy:250)
	at grails.plugin.cucumber.CucumberFormatter.result(CucumberFormatter.groovy:215)
	at cucumber.runtime.Utils$1.call(Utils.java:37)
	at cucumber.runtime.Timeout.timeout(Timeout.java:13)
	at cucumber.runtime.Utils.invoke(Utils.java:31)
	at cucumber.runtime.RuntimeOptions$1.invoke(RuntimeOptions.java:243)
	at cucumber.runtime.Runtime.runStep(Runtime.java:280)
	at cucumber.runtime.model.StepContainer.runStep(StepContainer.java:44)
	at cucumber.runtime.model.StepContainer.runSteps(StepContainer.java:39)
	at cucumber.runtime.model.CucumberScenario.run(CucumberScenario.java:48)
	at cucumber.runtime.model.CucumberFeature.run(CucumberFeature.java:163)
	at grails.plugin.cucumber.Cucumber$_run_closure2.doCall(Cucumber.groovy:59)
	at grails.plugin.cucumber.Cucumber.run(Cucumber.groovy:58)
	at grails.plugin.cucumber.CucumberTestType.runFeatures(CucumberTestType.groovy:148)
	at grails.plugin.cucumber.CucumberTestType.doRun(CucumberTestType.groovy:58)
</failure>
    <failure message="Undefined Step: And eu tento cadastrar o político “Anderson” com CPF “102.102.152-15” e seleciono “Salvar”" type="grails.plugin.cucumber.FakeAssertionFailedError">cucumber.runtime.UndefinedStepException: Undefined Step: And eu tento cadastrar o político “Anderson” com CPF “102.102.152-15” e seleciono “Salvar”
	at grails.plugin.cucumber.CucumberFormatter.resultUndefined(CucumberFormatter.groovy:250)
	at grails.plugin.cucumber.CucumberFormatter.result(CucumberFormatter.groovy:215)
	at cucumber.runtime.Utils$1.call(Utils.java:37)
	at cucumber.runtime.Timeout.timeout(Timeout.java:13)
	at cucumber.runtime.Utils.invoke(Utils.java:31)
	at cucumber.runtime.RuntimeOptions$1.invoke(RuntimeOptions.java:243)
	at cucumber.runtime.Runtime.runStep(Runtime.java:280)
	at cucumber.runtime.model.StepContainer.runStep(StepContainer.java:44)
	at cucumber.runtime.model.StepContainer.runSteps(StepContainer.java:39)
	at cucumber.runtime.model.CucumberScenario.run(CucumberScenario.java:48)
	at cucumber.runtime.model.CucumberFeature.run(CucumberFeature.java:163)
	at grails.plugin.cucumber.Cucumber$_run_closure2.doCall(Cucumber.groovy:59)
	at grails.plugin.cucumber.Cucumber.run(Cucumber.groovy:58)
	at grails.plugin.cucumber.CucumberTestType.runFeatures(CucumberTestType.groovy:148)
	at grails.plugin.cucumber.CucumberTestType.doRun(CucumberTestType.groovy:58)
</failure>
    <failure message="Undefined Step: Then eu recebo a mensagem de confirmação" type="grails.plugin.cucumber.FakeAssertionFailedError">cucumber.runtime.UndefinedStepException: Undefined Step: Then eu recebo a mensagem de confirmação
	at grails.plugin.cucumber.CucumberFormatter.resultUndefined(CucumberFormatter.groovy:250)
	at grails.plugin.cucumber.CucumberFormatter.result(CucumberFormatter.groovy:215)
	at cucumber.runtime.Utils$1.call(Utils.java:37)
	at cucumber.runtime.Timeout.timeout(Timeout.java:13)
	at cucumber.runtime.Utils.invoke(Utils.java:31)
	at cucumber.runtime.RuntimeOptions$1.invoke(RuntimeOptions.java:243)
	at cucumber.runtime.Runtime.runStep(Runtime.java:280)
	at cucumber.runtime.model.StepContainer.runStep(StepContainer.java:44)
	at cucumber.runtime.model.StepContainer.runSteps(StepContainer.java:39)
	at cucumber.runtime.model.CucumberScenario.run(CucumberScenario.java:48)
	at cucumber.runtime.model.CucumberFeature.run(CucumberFeature.java:163)
	at grails.plugin.cucumber.Cucumber$_run_closure2.doCall(Cucumber.groovy:59)
	at grails.plugin.cucumber.Cucumber.run(Cucumber.groovy:58)
	at grails.plugin.cucumber.CucumberTestType.runFeatures(CucumberTestType.groovy:148)
	at grails.plugin.cucumber.CucumberTestType.doRun(CucumberTestType.groovy:58)
</failure>
    <failure message="Undefined Step: And Consigo ver as informações do político cadastrado" type="grails.plugin.cucumber.FakeAssertionFailedError">cucumber.runtime.UndefinedStepException: Undefined Step: And Consigo ver as informações do político cadastrado
	at grails.plugin.cucumber.CucumberFormatter.resultUndefined(CucumberFormatter.groovy:250)
	at grails.plugin.cucumber.CucumberFormatter.result(CucumberFormatter.groovy:215)
	at cucumber.runtime.Utils$1.call(Utils.java:37)
	at cucumber.runtime.Timeout.timeout(Timeout.java:13)
	at cucumber.runtime.Utils.invoke(Utils.java:31)
	at cucumber.runtime.RuntimeOptions$1.invoke(RuntimeOptions.java:243)
	at cucumber.runtime.Runtime.runStep(Runtime.java:280)
	at cucumber.runtime.model.StepContainer.runStep(StepContainer.java:44)
	at cucumber.runtime.model.StepContainer.runSteps(StepContainer.java:39)
	at cucumber.runtime.model.CucumberScenario.run(CucumberScenario.java:48)
	at cucumber.runtime.model.CucumberFeature.run(CucumberFeature.java:163)
	at grails.plugin.cucumber.Cucumber$_run_closure2.doCall(Cucumber.groovy:59)
	at grails.plugin.cucumber.Cucumber.run(Cucumber.groovy:58)
	at grails.plugin.cucumber.CucumberTestType.runFeatures(CucumberTestType.groovy:148)
	at grails.plugin.cucumber.CucumberTestType.doRun(CucumberTestType.groovy:58)
</failure>
  </testcase>
  <testcase classname="grails.plugin.cucumber.CucumberTest" name="Visualizar político" time="0.1">
    <failure message="Undefined Step: Given que o visitante “Guilherme” está no Menu “políticos”" type="grails.plugin.cucumber.FakeAssertionFailedError">cucumber.runtime.UndefinedStepException: Undefined Step: Given que o visitante “Guilherme” está no Menu “políticos”
	at grails.plugin.cucumber.CucumberFormatter.resultUndefined(CucumberFormatter.groovy:250)
	at grails.plugin.cucumber.CucumberFormatter.result(CucumberFormatter.groovy:215)
	at cucumber.runtime.Utils$1.call(Utils.java:37)
	at cucumber.runtime.Timeout.timeout(Timeout.java:13)
	at cucumber.runtime.Utils.invoke(Utils.java:31)
	at cucumber.runtime.RuntimeOptions$1.invoke(RuntimeOptions.java:243)
	at cucumber.runtime.Runtime.runStep(Runtime.java:280)
	at cucumber.runtime.model.StepContainer.runStep(StepContainer.java:44)
	at cucumber.runtime.model.StepContainer.runSteps(StepContainer.java:39)
	at cucumber.runtime.model.CucumberScenario.run(CucumberScenario.java:48)
	at cucumber.runtime.model.CucumberFeature.run(CucumberFeature.java:163)
	at grails.plugin.cucumber.Cucumber$_run_closure2.doCall(Cucumber.groovy:59)
	at grails.plugin.cucumber.Cucumber.run(Cucumber.groovy:58)
	at grails.plugin.cucumber.CucumberTestType.runFeatures(CucumberTestType.groovy:148)
	at grails.plugin.cucumber.CucumberTestType.doRun(CucumberTestType.groovy:58)
</failure>
    <failure message="Undefined Step: And o político  “Anderson”  com o CPF “102.102.152-15” está armazenado no sistema" type="grails.plugin.cucumber.FakeAssertionFailedError">cucumber.runtime.UndefinedStepException: Undefined Step: And o político  “Anderson”  com o CPF “102.102.152-15” está armazenado no sistema
	at grails.plugin.cucumber.CucumberFormatter.resultUndefined(CucumberFormatter.groovy:250)
	at grails.plugin.cucumber.CucumberFormatter.result(CucumberFormatter.groovy:215)
	at cucumber.runtime.Utils$1.call(Utils.java:37)
	at cucumber.runtime.Timeout.timeout(Timeout.java:13)
	at cucumber.runtime.Utils.invoke(Utils.java:31)
	at cucumber.runtime.RuntimeOptions$1.invoke(RuntimeOptions.java:243)
	at cucumber.runtime.Runtime.runStep(Runtime.java:280)
	at cucumber.runtime.model.StepContainer.runStep(StepContainer.java:44)
	at cucumber.runtime.model.StepContainer.runSteps(StepContainer.java:39)
	at cucumber.runtime.model.CucumberScenario.run(CucumberScenario.java:48)
	at cucumber.runtime.model.CucumberFeature.run(CucumberFeature.java:163)
	at grails.plugin.cucumber.Cucumber$_run_closure2.doCall(Cucumber.groovy:59)
	at grails.plugin.cucumber.Cucumber.run(Cucumber.groovy:58)
	at grails.plugin.cucumber.CucumberTestType.runFeatures(CucumberTestType.groovy:148)
	at grails.plugin.cucumber.CucumberTestType.doRun(CucumberTestType.groovy:58)
</failure>
    <failure message="Undefined Step: When “Guilherme” tenta visualizar o político  “Anderson”  com o CPF “102.102.152-15”" type="grails.plugin.cucumber.FakeAssertionFailedError">cucumber.runtime.UndefinedStepException: Undefined Step: When “Guilherme” tenta visualizar o político  “Anderson”  com o CPF “102.102.152-15”
	at grails.plugin.cucumber.CucumberFormatter.resultUndefined(CucumberFormatter.groovy:250)
	at grails.plugin.cucumber.CucumberFormatter.result(CucumberFormatter.groovy:215)
	at cucumber.runtime.Utils$1.call(Utils.java:37)
	at cucumber.runtime.Timeout.timeout(Timeout.java:13)
	at cucumber.runtime.Utils.invoke(Utils.java:31)
	at cucumber.runtime.RuntimeOptions$1.invoke(RuntimeOptions.java:243)
	at cucumber.runtime.Runtime.runStep(Runtime.java:280)
	at cucumber.runtime.model.StepContainer.runStep(StepContainer.java:44)
	at cucumber.runtime.model.StepContainer.runSteps(StepContainer.java:39)
	at cucumber.runtime.model.CucumberScenario.run(CucumberScenario.java:48)
	at cucumber.runtime.model.CucumberFeature.run(CucumberFeature.java:163)
	at grails.plugin.cucumber.Cucumber$_run_closure2.doCall(Cucumber.groovy:59)
	at grails.plugin.cucumber.Cucumber.run(Cucumber.groovy:58)
	at grails.plugin.cucumber.CucumberTestType.runFeatures(CucumberTestType.groovy:148)
	at grails.plugin.cucumber.CucumberTestType.doRun(CucumberTestType.groovy:58)
</failure>
    <failure message="Undefined Step: Then “Guilherme” conseguirá visualizar as informações" type="grails.plugin.cucumber.FakeAssertionFailedError">cucumber.runtime.UndefinedStepException: Undefined Step: Then “Guilherme” conseguirá visualizar as informações
	at grails.plugin.cucumber.CucumberFormatter.resultUndefined(CucumberFormatter.groovy:250)
	at grails.plugin.cucumber.CucumberFormatter.result(CucumberFormatter.groovy:215)
	at cucumber.runtime.Utils$1.call(Utils.java:37)
	at cucumber.runtime.Timeout.timeout(Timeout.java:13)
	at cucumber.runtime.Utils.invoke(Utils.java:31)
	at cucumber.runtime.RuntimeOptions$1.invoke(RuntimeOptions.java:243)
	at cucumber.runtime.Runtime.runStep(Runtime.java:280)
	at cucumber.runtime.model.StepContainer.runStep(StepContainer.java:44)
	at cucumber.runtime.model.StepContainer.runSteps(StepContainer.java:39)
	at cucumber.runtime.model.CucumberScenario.run(CucumberScenario.java:48)
	at cucumber.runtime.model.CucumberFeature.run(CucumberFeature.java:163)
	at grails.plugin.cucumber.Cucumber$_run_closure2.doCall(Cucumber.groovy:59)
	at grails.plugin.cucumber.Cucumber.run(Cucumber.groovy:58)
	at grails.plugin.cucumber.CucumberTestType.runFeatures(CucumberTestType.groovy:148)
	at grails.plugin.cucumber.CucumberTestType.doRun(CucumberTestType.groovy:58)
</failure>
  </testcase>
  <testcase classname="grails.plugin.cucumber.CucumberTest" name="Editar informações de um politico" time="0.028">
    <failure message="Undefined Step: Given que o usuário esta na tela de atualizar político visualizando o  político “Eduardo” com cpf “01234567890”" type="grails.plugin.cucumber.FakeAssertionFailedError">cucumber.runtime.UndefinedStepException: Undefined Step: Given que o usuário esta na tela de atualizar político visualizando o  político “Eduardo” com cpf “01234567890”
	at grails.plugin.cucumber.CucumberFormatter.resultUndefined(CucumberFormatter.groovy:250)
	at grails.plugin.cucumber.CucumberFormatter.result(CucumberFormatter.groovy:215)
	at cucumber.runtime.Utils$1.call(Utils.java:37)
	at cucumber.runtime.Timeout.timeout(Timeout.java:13)
	at cucumber.runtime.Utils.invoke(Utils.java:31)
	at cucumber.runtime.RuntimeOptions$1.invoke(RuntimeOptions.java:243)
	at cucumber.runtime.Runtime.runStep(Runtime.java:280)
	at cucumber.runtime.model.StepContainer.runStep(StepContainer.java:44)
	at cucumber.runtime.model.StepContainer.runSteps(StepContainer.java:39)
	at cucumber.runtime.model.CucumberScenario.run(CucumberScenario.java:48)
	at cucumber.runtime.model.CucumberFeature.run(CucumberFeature.java:163)
	at grails.plugin.cucumber.Cucumber$_run_closure2.doCall(Cucumber.groovy:59)
	at grails.plugin.cucumber.Cucumber.run(Cucumber.groovy:58)
	at grails.plugin.cucumber.CucumberTestType.runFeatures(CucumberTestType.groovy:148)
	at grails.plugin.cucumber.CucumberTestType.doRun(CucumberTestType.groovy:58)
</failure>
    <failure message="Undefined Step: When ao  tentar atualizar os dados do político “Eduardo” com cpf “01234567890”" type="grails.plugin.cucumber.FakeAssertionFailedError">cucumber.runtime.UndefinedStepException: Undefined Step: When ao  tentar atualizar os dados do político “Eduardo” com cpf “01234567890”
	at grails.plugin.cucumber.CucumberFormatter.resultUndefined(CucumberFormatter.groovy:250)
	at grails.plugin.cucumber.CucumberFormatter.result(CucumberFormatter.groovy:215)
	at cucumber.runtime.Utils$1.call(Utils.java:37)
	at cucumber.runtime.Timeout.timeout(Timeout.java:13)
	at cucumber.runtime.Utils.invoke(Utils.java:31)
	at cucumber.runtime.RuntimeOptions$1.invoke(RuntimeOptions.java:243)
	at cucumber.runtime.Runtime.runStep(Runtime.java:280)
	at cucumber.runtime.model.StepContainer.runStep(StepContainer.java:44)
	at cucumber.runtime.model.StepContainer.runSteps(StepContainer.java:39)
	at cucumber.runtime.model.CucumberScenario.run(CucumberScenario.java:48)
	at cucumber.runtime.model.CucumberFeature.run(CucumberFeature.java:163)
	at grails.plugin.cucumber.Cucumber$_run_closure2.doCall(Cucumber.groovy:59)
	at grails.plugin.cucumber.Cucumber.run(Cucumber.groovy:58)
	at grails.plugin.cucumber.CucumberTestType.runFeatures(CucumberTestType.groovy:148)
	at grails.plugin.cucumber.CucumberTestType.doRun(CucumberTestType.groovy:58)
</failure>
    <failure message="Undefined Step: Then eu recebo a mensagem de confirmação" type="grails.plugin.cucumber.FakeAssertionFailedError">cucumber.runtime.UndefinedStepException: Undefined Step: Then eu recebo a mensagem de confirmação
	at grails.plugin.cucumber.CucumberFormatter.resultUndefined(CucumberFormatter.groovy:250)
	at grails.plugin.cucumber.CucumberFormatter.result(CucumberFormatter.groovy:215)
	at cucumber.runtime.Utils$1.call(Utils.java:37)
	at cucumber.runtime.Timeout.timeout(Timeout.java:13)
	at cucumber.runtime.Utils.invoke(Utils.java:31)
	at cucumber.runtime.RuntimeOptions$1.invoke(RuntimeOptions.java:243)
	at cucumber.runtime.Runtime.runStep(Runtime.java:280)
	at cucumber.runtime.model.StepContainer.runStep(StepContainer.java:44)
	at cucumber.runtime.model.StepContainer.runSteps(StepContainer.java:39)
	at cucumber.runtime.model.CucumberScenario.run(CucumberScenario.java:48)
	at cucumber.runtime.model.CucumberFeature.run(CucumberFeature.java:163)
	at grails.plugin.cucumber.Cucumber$_run_closure2.doCall(Cucumber.groovy:59)
	at grails.plugin.cucumber.Cucumber.run(Cucumber.groovy:58)
	at grails.plugin.cucumber.CucumberTestType.runFeatures(CucumberTestType.groovy:148)
	at grails.plugin.cucumber.CucumberTestType.doRun(CucumberTestType.groovy:58)
</failure>
    <failure message="Undefined Step: And Consigo ver as informações do político cadastrado" type="grails.plugin.cucumber.FakeAssertionFailedError">cucumber.runtime.UndefinedStepException: Undefined Step: And Consigo ver as informações do político cadastrado
	at grails.plugin.cucumber.CucumberFormatter.resultUndefined(CucumberFormatter.groovy:250)
	at grails.plugin.cucumber.CucumberFormatter.result(CucumberFormatter.groovy:215)
	at cucumber.runtime.Utils$1.call(Utils.java:37)
	at cucumber.runtime.Timeout.timeout(Timeout.java:13)
	at cucumber.runtime.Utils.invoke(Utils.java:31)
	at cucumber.runtime.RuntimeOptions$1.invoke(RuntimeOptions.java:243)
	at cucumber.runtime.Runtime.runStep(Runtime.java:280)
	at cucumber.runtime.model.StepContainer.runStep(StepContainer.java:44)
	at cucumber.runtime.model.StepContainer.runSteps(StepContainer.java:39)
	at cucumber.runtime.model.CucumberScenario.run(CucumberScenario.java:48)
	at cucumber.runtime.model.CucumberFeature.run(CucumberFeature.java:163)
	at grails.plugin.cucumber.Cucumber$_run_closure2.doCall(Cucumber.groovy:59)
	at grails.plugin.cucumber.Cucumber.run(Cucumber.groovy:58)
	at grails.plugin.cucumber.CucumberTestType.runFeatures(CucumberTestType.groovy:148)
	at grails.plugin.cucumber.CucumberTestType.doRun(CucumberTestType.groovy:58)
</failure>
  </testcase>
  <system-out><![CDATA[Feature: Políticos
  As a usuário do sistema
  I want to adicionar, remover, modificar e visualizar políticos no sistema
  So That eu posso gerar páginas web para exibir informações sobre o político

--Output from Adicionar politico nao existente--
--Output from Adicionar politico existente--
  #CONTROLLER
  Scenario: Adicionar politico nao existente                      # Politico.feature:7
    Given que o sistema nao tem um politico com CPF "01234567891" # PoliticoSteps.groovy:12
    When eu tentar cadastrar um politico com CPF "01234567891"    # PoliticoSteps.groovy:18
    Then o sistema ira cadastrar o politico de CPF "01234567891"  # PoliticoSteps.groovy:23

--Output from Atualizar político--
  Scenario: Adicionar politico existente                             # Politico.feature:12
    Given que o sistema tem um politico de CPF "98765432109"         # PoliticoSteps.groovy:72
    Then o sistema nao ira cadastrar o politico de CPF "98765432109" # PoliticoSteps.groovy:79

--Output from Remover político existente--
  Scenario: Atualizar político                                                            # Politico.feature:16
    Given que exista um politico com nome “Eduardo” e CPF "01234567890”
    When eu tentar atualizar os dados do político  com nome “Eduardo” e CPF "01234567890”
    Then o sistema irá atualizar o político

--Output from Novo político--
  Scenario: Remover político existente                                                                 # Politico.feature:22
    Given o sistema tem um político com nome “Eduardo” e CPF "01234567890”
    When eu tentar remover o político com o nome “Eduardo” e CPF “01234567890”
    Then o sistema ira mostrar a mensagem politico "Eduardo" de CPF “01234567890” removido com sucesso

--Output from Visualizar político--
  #GUI
  Scenario: Novo político                                                                      # Politico.feature:29
    Given que eu estou no menu “Políticos”
    And não existe nenhum político com o nome “Anderson” com o CPF “102.102.152-15”
    When eu seleciono a opção “Cadastrar”
    And eu tento cadastrar o político “Anderson” com CPF “102.102.152-15” e seleciono “Salvar”
    Then eu recebo a mensagem de confirmação
    And Consigo ver as informações do político cadastrado

--Output from Editar informações de um politico--
  Scenario: Visualizar político                                                          # Politico.feature:37
    Given que o visitante “Guilherme” está no Menu “políticos”
    And o político  “Anderson”  com o CPF “102.102.152-15” está armazenado no sistema
    When “Guilherme” tenta visualizar o político  “Anderson”  com o CPF “102.102.152-15”
    Then “Guilherme” conseguirá visualizar as informações

  Scenario: Editar informações de um politico                                                                       # Politico.feature:43
    Given que o usuário esta na tela de atualizar político visualizando o  político “Eduardo” com cpf “01234567890”
    When ao  tentar atualizar os dados do político “Eduardo” com cpf “01234567890”
    Then eu recebo a mensagem de confirmação
    And Consigo ver as informações do político cadastrado
]]></system-out>
  <system-err><![CDATA[
--Output from Adicionar politico nao existente--
--Output from Adicionar politico existente--
--Output from Atualizar político--
--Output from Remover político existente--
--Output from Novo político--
--Output from Visualizar político--
--Output from Editar informações de um politico--]]></system-err>
</testsuite>
